  orthogonal box = (-1000 -1000 -1000) to (1000 1000 1000)
  1 by 1 by 1 MPI processor grid
  reading atoms ...
  2017 atoms
  scanning bonds ...
  4 = max bonds/atom
  scanning angles ...
  6 = max angles/atom
  scanning dihedrals ...
  24 = max dihedrals/atom
  scanning impropers ...
  2 = max impropers/atom
  reading bonds ...
  2028 bonds
  reading angles ...
  3694 angles
  reading dihedrals ...
  6278 dihedrals
  reading impropers ...
  338 impropers
  4 = max # of 1-2 neighbors
  9 = max # of 1-3 neighbors
  19 = max # of 1-4 neighbors
  21 = max # of special neighbors
